02/25/2023 03:30:05 +02:00 An unhandled exception has occurred while executing the request.
System.ArgumentException: An item with the same key has already been added. Key: X-Frame-Options
   at System.Collections.Generic.Dictionary`2.TryInsert(TKey key, TValue value, InsertionBehavior behavior)
   at System.Collections.Generic.Dictionary`2.Add(TKey key, TValue value)
   at Microsoft.AspNetCore.HttpSys.Internal.HeaderCollection.Add(String key, StringValues value)
   at Program.<>c.<<<Main>$>b__0_7>d.MoveNext() in C:\Users\devcr\source\repos\Bookify\Bookify.Web\Program.cs:line 121
--- End of stack trace from previous location ---
   at Microsoft.AspNetCore.Builder.StatusCodePagesExtensions.<>c__DisplayClass7_0.<<CreateHandler>b__0>d.MoveNext()
--- End of stack trace from previous location ---
   at Microsoft.AspNetCore.Diagnostics.StatusCodePagesMiddleware.Invoke(HttpContext context)
   at Microsoft.AspNetCore.Diagnostics.ExceptionHandlerMiddleware.<Invoke>g__Awaited|6_0(ExceptionHandlerMiddleware middleware, HttpContext context, Task task)
02/25/2023 03:30:05 +02:00 An exception was thrown attempting to execute the error handler.
System.ArgumentException: An item with the same key has already been added. Key: X-Frame-Options
   at System.Collections.Generic.Dictionary`2.TryInsert(TKey key, TValue value, InsertionBehavior behavior)
   at System.Collections.Generic.Dictionary`2.Add(TKey key, TValue value)
   at Microsoft.AspNetCore.HttpSys.Internal.HeaderCollection.Add(String key, StringValues value)
   at Program.<>c.<<<Main>$>b__0_7>d.MoveNext() in C:\Users\devcr\source\repos\Bookify\Bookify.Web\Program.cs:line 121
--- End of stack trace from previous location ---
   at Microsoft.AspNetCore.Builder.StatusCodePagesExtensions.<>c__DisplayClass7_0.<<CreateHandler>b__0>d.MoveNext()
--- End of stack trace from previous location ---
   at Microsoft.AspNetCore.Diagnostics.StatusCodePagesMiddleware.Invoke(HttpContext context)
   at Microsoft.AspNetCore.Diagnostics.ExceptionHandlerMiddleware.HandleException(HttpContext context, ExceptionDispatchInfo edi)
02/25/2023 03:30:05 +02:00 An unhandled exception has occurred while executing the request.
System.ArgumentException: An item with the same key has already been added. Key: X-Frame-Options
   at System.Collections.Generic.Dictionary`2.TryInsert(TKey key, TValue value, InsertionBehavior behavior)
   at System.Collections.Generic.Dictionary`2.Add(TKey key, TValue value)
   at Microsoft.AspNetCore.HttpSys.Internal.HeaderCollection.Add(String key, StringValues value)
   at Program.<>c.<<<Main>$>b__0_7>d.MoveNext() in C:\Users\devcr\source\repos\Bookify\Bookify.Web\Program.cs:line 121
--- End of stack trace from previous location ---
   at Microsoft.AspNetCore.Builder.StatusCodePagesExtensions.<>c__DisplayClass7_0.<<CreateHandler>b__0>d.MoveNext()
--- End of stack trace from previous location ---
   at Microsoft.AspNetCore.Diagnostics.StatusCodePagesMiddleware.Invoke(HttpContext context)
   at Microsoft.AspNetCore.Diagnostics.ExceptionHandlerMiddleware.<Invoke>g__Awaited|6_0(ExceptionHandlerMiddleware middleware, HttpContext context, Task task)
   at Microsoft.AspNetCore.Diagnostics.ExceptionHandlerMiddleware.HandleException(HttpContext context, ExceptionDispatchInfo edi)
   at Microsoft.AspNetCore.Diagnostics.ExceptionHandlerMiddleware.<Invoke>g__Awaited|6_0(ExceptionHandlerMiddleware middleware, HttpContext context, Task task)
   at Microsoft.AspNetCore.Diagnostics.DeveloperExceptionPageMiddleware.Invoke(HttpContext context)
02/25/2023 03:30:09 +02:00 An unhandled exception has occurred while executing the request.
System.ArgumentException: An item with the same key has already been added. Key: X-Frame-Options
   at System.Collections.Generic.Dictionary`2.TryInsert(TKey key, TValue value, InsertionBehavior behavior)
   at System.Collections.Generic.Dictionary`2.Add(TKey key, TValue value)
   at Microsoft.AspNetCore.HttpSys.Internal.HeaderCollection.Add(String key, StringValues value)
   at Program.<>c.<<<Main>$>b__0_7>d.MoveNext() in C:\Users\devcr\source\repos\Bookify\Bookify.Web\Program.cs:line 121
--- End of stack trace from previous location ---
   at Microsoft.AspNetCore.Builder.StatusCodePagesExtensions.<>c__DisplayClass7_0.<<CreateHandler>b__0>d.MoveNext()
--- End of stack trace from previous location ---
   at Microsoft.AspNetCore.Diagnostics.StatusCodePagesMiddleware.Invoke(HttpContext context)
   at Microsoft.AspNetCore.Diagnostics.ExceptionHandlerMiddleware.<Invoke>g__Awaited|6_0(ExceptionHandlerMiddleware middleware, HttpContext context, Task task)
02/25/2023 03:30:09 +02:00 An exception was thrown attempting to execute the error handler.
System.ArgumentException: An item with the same key has already been added. Key: X-Frame-Options
   at System.Collections.Generic.Dictionary`2.TryInsert(TKey key, TValue value, InsertionBehavior behavior)
   at System.Collections.Generic.Dictionary`2.Add(TKey key, TValue value)
   at Microsoft.AspNetCore.HttpSys.Internal.HeaderCollection.Add(String key, StringValues value)
   at Program.<>c.<<<Main>$>b__0_7>d.MoveNext() in C:\Users\devcr\source\repos\Bookify\Bookify.Web\Program.cs:line 121
--- End of stack trace from previous location ---
   at Microsoft.AspNetCore.Builder.StatusCodePagesExtensions.<>c__DisplayClass7_0.<<CreateHandler>b__0>d.MoveNext()
--- End of stack trace from previous location ---
   at Microsoft.AspNetCore.Diagnostics.StatusCodePagesMiddleware.Invoke(HttpContext context)
   at Microsoft.AspNetCore.Diagnostics.ExceptionHandlerMiddleware.HandleException(HttpContext context, ExceptionDispatchInfo edi)
02/25/2023 03:30:09 +02:00 An unhandled exception has occurred while executing the request.
System.ArgumentException: An item with the same key has already been added. Key: X-Frame-Options
   at System.Collections.Generic.Dictionary`2.TryInsert(TKey key, TValue value, InsertionBehavior behavior)
   at System.Collections.Generic.Dictionary`2.Add(TKey key, TValue value)
   at Microsoft.AspNetCore.HttpSys.Internal.HeaderCollection.Add(String key, StringValues value)
   at Program.<>c.<<<Main>$>b__0_7>d.MoveNext() in C:\Users\devcr\source\repos\Bookify\Bookify.Web\Program.cs:line 121
--- End of stack trace from previous location ---
   at Microsoft.AspNetCore.Builder.StatusCodePagesExtensions.<>c__DisplayClass7_0.<<CreateHandler>b__0>d.MoveNext()
--- End of stack trace from previous location ---
   at Microsoft.AspNetCore.Diagnostics.StatusCodePagesMiddleware.Invoke(HttpContext context)
   at Microsoft.AspNetCore.Diagnostics.ExceptionHandlerMiddleware.<Invoke>g__Awaited|6_0(ExceptionHandlerMiddleware middleware, HttpContext context, Task task)
   at Microsoft.AspNetCore.Diagnostics.ExceptionHandlerMiddleware.HandleException(HttpContext context, ExceptionDispatchInfo edi)
   at Microsoft.AspNetCore.Diagnostics.ExceptionHandlerMiddleware.<Invoke>g__Awaited|6_0(ExceptionHandlerMiddleware middleware, HttpContext context, Task task)
   at Microsoft.AspNetCore.Diagnostics.DeveloperExceptionPageMiddleware.Invoke(HttpContext context)
02/25/2023 03:30:20 +02:00 An unhandled exception has occurred while executing the request.
System.ArgumentException: An item with the same key has already been added. Key: X-Frame-Options
   at System.Collections.Generic.Dictionary`2.TryInsert(TKey key, TValue value, InsertionBehavior behavior)
   at System.Collections.Generic.Dictionary`2.Add(TKey key, TValue value)
   at Microsoft.AspNetCore.HttpSys.Internal.HeaderCollection.Add(String key, StringValues value)
   at Program.<>c.<<<Main>$>b__0_7>d.MoveNext() in C:\Users\devcr\source\repos\Bookify\Bookify.Web\Program.cs:line 121
--- End of stack trace from previous location ---
   at Microsoft.AspNetCore.Builder.StatusCodePagesExtensions.<>c__DisplayClass7_0.<<CreateHandler>b__0>d.MoveNext()
--- End of stack trace from previous location ---
   at Microsoft.AspNetCore.Diagnostics.StatusCodePagesMiddleware.Invoke(HttpContext context)
   at Microsoft.AspNetCore.Diagnostics.ExceptionHandlerMiddleware.<Invoke>g__Awaited|6_0(ExceptionHandlerMiddleware middleware, HttpContext context, Task task)
02/25/2023 03:30:20 +02:00 HTTP "GET" "/Home/Error" responded 500 in 8.2276 ms
02/25/2023 03:30:32 +02:00 An unhandled exception has occurred while executing the request.
System.ArgumentException: An item with the same key has already been added. Key: X-Frame-Options
   at System.Collections.Generic.Dictionary`2.TryInsert(TKey key, TValue value, InsertionBehavior behavior)
   at System.Collections.Generic.Dictionary`2.Add(TKey key, TValue value)
   at Microsoft.AspNetCore.HttpSys.Internal.HeaderCollection.Add(String key, StringValues value)
   at Program.<>c.<<<Main>$>b__0_7>d.MoveNext() in C:\Users\devcr\source\repos\Bookify\Bookify.Web\Program.cs:line 121
--- End of stack trace from previous location ---
   at Microsoft.AspNetCore.Builder.StatusCodePagesExtensions.<>c__DisplayClass7_0.<<CreateHandler>b__0>d.MoveNext()
--- End of stack trace from previous location ---
   at Microsoft.AspNetCore.Diagnostics.StatusCodePagesMiddleware.Invoke(HttpContext context)
   at Microsoft.AspNetCore.Diagnostics.ExceptionHandlerMiddleware.<Invoke>g__Awaited|6_0(ExceptionHandlerMiddleware middleware, HttpContext context, Task task)
02/25/2023 03:30:32 +02:00 HTTP "GET" "/Home/Error" responded 500 in 167.0967 ms
02/25/2023 03:30:32 +02:00 An unhandled exception has occurred while executing the request.
System.ArgumentException: An item with the same key has already been added. Key: X-Frame-Options
   at System.Collections.Generic.Dictionary`2.TryInsert(TKey key, TValue value, InsertionBehavior behavior)
   at System.Collections.Generic.Dictionary`2.Add(TKey key, TValue value)
   at Microsoft.AspNetCore.HttpSys.Internal.HeaderCollection.Add(String key, StringValues value)
   at Program.<>c.<<<Main>$>b__0_7>d.MoveNext() in C:\Users\devcr\source\repos\Bookify\Bookify.Web\Program.cs:line 121
--- End of stack trace from previous location ---
   at Microsoft.AspNetCore.Builder.StatusCodePagesExtensions.<>c__DisplayClass7_0.<<CreateHandler>b__0>d.MoveNext()
--- End of stack trace from previous location ---
   at Microsoft.AspNetCore.Diagnostics.StatusCodePagesMiddleware.Invoke(HttpContext context)
   at Microsoft.AspNetCore.Diagnostics.ExceptionHandlerMiddleware.<Invoke>g__Awaited|6_0(ExceptionHandlerMiddleware middleware, HttpContext context, Task task)
02/25/2023 03:30:32 +02:00 An exception was thrown attempting to execute the error handler.
System.ArgumentException: An item with the same key has already been added. Key: X-Frame-Options
   at System.Collections.Generic.Dictionary`2.TryInsert(TKey key, TValue value, InsertionBehavior behavior)
   at System.Collections.Generic.Dictionary`2.Add(TKey key, TValue value)
   at Microsoft.AspNetCore.HttpSys.Internal.HeaderCollection.Add(String key, StringValues value)
   at Program.<>c.<<<Main>$>b__0_7>d.MoveNext() in C:\Users\devcr\source\repos\Bookify\Bookify.Web\Program.cs:line 121
--- End of stack trace from previous location ---
   at Microsoft.AspNetCore.Builder.StatusCodePagesExtensions.<>c__DisplayClass7_0.<<CreateHandler>b__0>d.MoveNext()
--- End of stack trace from previous location ---
   at Microsoft.AspNetCore.Diagnostics.StatusCodePagesMiddleware.Invoke(HttpContext context)
   at Microsoft.AspNetCore.Diagnostics.ExceptionHandlerMiddleware.HandleException(HttpContext context, ExceptionDispatchInfo edi)
02/25/2023 03:30:32 +02:00 An unhandled exception has occurred while executing the request.
System.ArgumentException: An item with the same key has already been added. Key: X-Frame-Options
   at System.Collections.Generic.Dictionary`2.TryInsert(TKey key, TValue value, InsertionBehavior behavior)
   at System.Collections.Generic.Dictionary`2.Add(TKey key, TValue value)
   at Microsoft.AspNetCore.HttpSys.Internal.HeaderCollection.Add(String key, StringValues value)
   at Program.<>c.<<<Main>$>b__0_7>d.MoveNext() in C:\Users\devcr\source\repos\Bookify\Bookify.Web\Program.cs:line 121
--- End of stack trace from previous location ---
   at Microsoft.AspNetCore.Builder.StatusCodePagesExtensions.<>c__DisplayClass7_0.<<CreateHandler>b__0>d.MoveNext()
--- End of stack trace from previous location ---
   at Microsoft.AspNetCore.Diagnostics.StatusCodePagesMiddleware.Invoke(HttpContext context)
   at Microsoft.AspNetCore.Diagnostics.ExceptionHandlerMiddleware.<Invoke>g__Awaited|6_0(ExceptionHandlerMiddleware middleware, HttpContext context, Task task)
   at Microsoft.AspNetCore.Diagnostics.ExceptionHandlerMiddleware.HandleException(HttpContext context, ExceptionDispatchInfo edi)
   at Microsoft.AspNetCore.Diagnostics.ExceptionHandlerMiddleware.<Invoke>g__Awaited|6_0(ExceptionHandlerMiddleware middleware, HttpContext context, Task task)
   at Microsoft.AspNetCore.Diagnostics.DeveloperExceptionPageMiddleware.Invoke(HttpContext context)
02/25/2023 03:31:04 +02:00 An unhandled exception has occurred while executing the request.
System.ArgumentException: An item with the same key has already been added. Key: X-Frame-Options
   at System.Collections.Generic.Dictionary`2.TryInsert(TKey key, TValue value, InsertionBehavior behavior)
   at System.Collections.Generic.Dictionary`2.Add(TKey key, TValue value)
   at Microsoft.AspNetCore.HttpSys.Internal.HeaderCollection.Add(String key, StringValues value)
   at Program.<>c.<<<Main>$>b__0_7>d.MoveNext() in C:\Users\devcr\source\repos\Bookify\Bookify.Web\Program.cs:line 121
--- End of stack trace from previous location ---
   at Microsoft.AspNetCore.Builder.StatusCodePagesExtensions.<>c__DisplayClass7_0.<<CreateHandler>b__0>d.MoveNext()
--- End of stack trace from previous location ---
   at Microsoft.AspNetCore.Diagnostics.StatusCodePagesMiddleware.Invoke(HttpContext context)
   at Microsoft.AspNetCore.Diagnostics.ExceptionHandlerMiddleware.<Invoke>g__Awaited|6_0(ExceptionHandlerMiddleware middleware, HttpContext context, Task task)
02/25/2023 03:31:04 +02:00 An exception was thrown attempting to execute the error handler.
System.ArgumentException: An item with the same key has already been added. Key: X-Frame-Options
   at System.Collections.Generic.Dictionary`2.TryInsert(TKey key, TValue value, InsertionBehavior behavior)
   at System.Collections.Generic.Dictionary`2.Add(TKey key, TValue value)
   at Microsoft.AspNetCore.HttpSys.Internal.HeaderCollection.Add(String key, StringValues value)
   at Program.<>c.<<<Main>$>b__0_7>d.MoveNext() in C:\Users\devcr\source\repos\Bookify\Bookify.Web\Program.cs:line 121
--- End of stack trace from previous location ---
   at Microsoft.AspNetCore.Builder.StatusCodePagesExtensions.<>c__DisplayClass7_0.<<CreateHandler>b__0>d.MoveNext()
--- End of stack trace from previous location ---
   at Microsoft.AspNetCore.Diagnostics.StatusCodePagesMiddleware.Invoke(HttpContext context)
   at Microsoft.AspNetCore.Diagnostics.ExceptionHandlerMiddleware.HandleException(HttpContext context, ExceptionDispatchInfo edi)
02/25/2023 03:31:04 +02:00 An unhandled exception has occurred while executing the request.
System.ArgumentException: An item with the same key has already been added. Key: X-Frame-Options
   at System.Collections.Generic.Dictionary`2.TryInsert(TKey key, TValue value, InsertionBehavior behavior)
   at System.Collections.Generic.Dictionary`2.Add(TKey key, TValue value)
   at Microsoft.AspNetCore.HttpSys.Internal.HeaderCollection.Add(String key, StringValues value)
   at Program.<>c.<<<Main>$>b__0_7>d.MoveNext() in C:\Users\devcr\source\repos\Bookify\Bookify.Web\Program.cs:line 121
--- End of stack trace from previous location ---
   at Microsoft.AspNetCore.Builder.StatusCodePagesExtensions.<>c__DisplayClass7_0.<<CreateHandler>b__0>d.MoveNext()
--- End of stack trace from previous location ---
   at Microsoft.AspNetCore.Diagnostics.StatusCodePagesMiddleware.Invoke(HttpContext context)
   at Microsoft.AspNetCore.Diagnostics.ExceptionHandlerMiddleware.<Invoke>g__Awaited|6_0(ExceptionHandlerMiddleware middleware, HttpContext context, Task task)
   at Microsoft.AspNetCore.Diagnostics.ExceptionHandlerMiddleware.HandleException(HttpContext context, ExceptionDispatchInfo edi)
   at Microsoft.AspNetCore.Diagnostics.ExceptionHandlerMiddleware.<Invoke>g__Awaited|6_0(ExceptionHandlerMiddleware middleware, HttpContext context, Task task)
   at Microsoft.AspNetCore.Diagnostics.DeveloperExceptionPageMiddleware.Invoke(HttpContext context)
02/25/2023 03:31:59 +02:00 An unhandled exception has occurred while executing the request.
System.ArgumentException: An item with the same key has already been added. Key: X-Frame-Options
   at System.Collections.Generic.Dictionary`2.TryInsert(TKey key, TValue value, InsertionBehavior behavior)
   at System.Collections.Generic.Dictionary`2.Add(TKey key, TValue value)
   at Microsoft.AspNetCore.HttpSys.Internal.HeaderCollection.Add(String key, StringValues value)
   at Program.<>c.<<<Main>$>b__0_7>d.MoveNext() in C:\Users\devcr\source\repos\Bookify\Bookify.Web\Program.cs:line 121
--- End of stack trace from previous location ---
   at Microsoft.AspNetCore.Builder.StatusCodePagesExtensions.<>c__DisplayClass7_0.<<CreateHandler>b__0>d.MoveNext()
--- End of stack trace from previous location ---
   at Microsoft.AspNetCore.Diagnostics.StatusCodePagesMiddleware.Invoke(HttpContext context)
   at Microsoft.AspNetCore.Diagnostics.ExceptionHandlerMiddleware.<Invoke>g__Awaited|6_0(ExceptionHandlerMiddleware middleware, HttpContext context, Task task)
02/25/2023 03:31:59 +02:00 An exception was thrown attempting to execute the error handler.
System.ArgumentException: An item with the same key has already been added. Key: X-Frame-Options
   at System.Collections.Generic.Dictionary`2.TryInsert(TKey key, TValue value, InsertionBehavior behavior)
   at System.Collections.Generic.Dictionary`2.Add(TKey key, TValue value)
   at Microsoft.AspNetCore.HttpSys.Internal.HeaderCollection.Add(String key, StringValues value)
   at Program.<>c.<<<Main>$>b__0_7>d.MoveNext() in C:\Users\devcr\source\repos\Bookify\Bookify.Web\Program.cs:line 121
--- End of stack trace from previous location ---
   at Microsoft.AspNetCore.Builder.StatusCodePagesExtensions.<>c__DisplayClass7_0.<<CreateHandler>b__0>d.MoveNext()
--- End of stack trace from previous location ---
   at Microsoft.AspNetCore.Diagnostics.StatusCodePagesMiddleware.Invoke(HttpContext context)
   at Microsoft.AspNetCore.Diagnostics.ExceptionHandlerMiddleware.HandleException(HttpContext context, ExceptionDispatchInfo edi)
02/25/2023 03:31:59 +02:00 An unhandled exception has occurred while executing the request.
System.ArgumentException: An item with the same key has already been added. Key: X-Frame-Options
   at System.Collections.Generic.Dictionary`2.TryInsert(TKey key, TValue value, InsertionBehavior behavior)
   at System.Collections.Generic.Dictionary`2.Add(TKey key, TValue value)
   at Microsoft.AspNetCore.HttpSys.Internal.HeaderCollection.Add(String key, StringValues value)
   at Program.<>c.<<<Main>$>b__0_7>d.MoveNext() in C:\Users\devcr\source\repos\Bookify\Bookify.Web\Program.cs:line 121
--- End of stack trace from previous location ---
   at Microsoft.AspNetCore.Builder.StatusCodePagesExtensions.<>c__DisplayClass7_0.<<CreateHandler>b__0>d.MoveNext()
--- End of stack trace from previous location ---
   at Microsoft.AspNetCore.Diagnostics.StatusCodePagesMiddleware.Invoke(HttpContext context)
   at Microsoft.AspNetCore.Diagnostics.ExceptionHandlerMiddleware.<Invoke>g__Awaited|6_0(ExceptionHandlerMiddleware middleware, HttpContext context, Task task)
   at Microsoft.AspNetCore.Diagnostics.ExceptionHandlerMiddleware.HandleException(HttpContext context, ExceptionDispatchInfo edi)
   at Microsoft.AspNetCore.Diagnostics.ExceptionHandlerMiddleware.<Invoke>g__Awaited|6_0(ExceptionHandlerMiddleware middleware, HttpContext context, Task task)
   at Microsoft.AspNetCore.Diagnostics.DeveloperExceptionPageMiddleware.Invoke(HttpContext context)
